<?xml version="1.0"?>
<component name="org.nuxeo.ecm.platform.test.resolver">

  <extension target="org.nuxeo.ecm.core.schema.TypeService" point="schema">
    <schema name="documentReferencer" src="schema/documentResolver.xsd" prefix="dr" />
  </extension>

  <extension target="org.nuxeo.ecm.core.schema.TypeService" point="doctype">
    <doctype name="TestResolver" extends="Document">
      <schema name="documentReferencer" />
    </doctype>
  </extension>

</component>
