<?xml version="1.0"?>
<component name="org.nuxeo.ecm.platform.importer.xml.parser.ImporterComponent.multifiles.contrib" version="1.0">

 <extension target="org.nuxeo.ecm.platform.importer.xml.parser.XMLImporterComponent"
    point="documentMapping">

  <docConfig tagName="doc">
    <docType>File</docType>
  </docConfig>

 </extension>

 <extension target="org.nuxeo.ecm.platform.importer.xml.parser.XMLImporterComponent"
    point="attributeMapping">

    <attributeConfig tagName="title" docProperty="dc:title" xmlPath="text()"/>

    <attributeConfig tagName="file" docProperty="file:content">
        <mapping documentProperty="filename">text()</mapping>
        <mapping documentProperty="content">text()</mapping>
    </attributeConfig>

     <attributeConfig tagName="files" docProperty="files:files">
         <mapping documentProperty="filename">text()</mapping>
         <mapping documentProperty="file">text()</mapping>
     </attributeConfig>

 </extension>

</component>
